
v0.1.9

- pooledCV
- add DataFrames to dependencies

v0.1.8

  - bugfix (meanNormCI, text output)
  - wald ci include
  - add test
  - move ConfInt to main module
  - ci2cv
  - new designs in designProp


v1.0.7

Add sub-module CI for confidence interval computation as part of simulation functions SIM.
  - add Roots in dependencies for mee/fm score ci calc
  - add Random in dependencies for simulations
  - remove struct with sampleSize wrapper
  - change name sampleSize -> ctSampleN
  - change name powerTOST -> bePower
  - change all tokens from string to symol
  - add sd2cv function
  - add cv2sd function
  - add ms2cv function
  - add cv2ms function
  - add SIM submodule
    - add bePower function
    - add ctBinPower function
  - add CI submodule
    - oneProp
    - twoProp
    - oneMean
    - twoMeans
  - PowerTOST optimizations
  - add test procedure
  - ClinicalTrialUtilities.jl reconfigure
  - add documentation

v1.0.6

Robust functions: sampleSize, ctPower, powerTOST, beSampleN
Canges:
- SampleSize add McNM test;
- SampleSize add text output;
- ctPower add McNM test;
- ctPower add text output;
- powerTOST add designs: parallel, 2x2x4, 2x4x4, 2x2x3, 2x3x3
- beSampleN add designs: parallel, 2x2x4, 2x4x4, 2x2x3, 2x3x3
- beSampleN add text output
- owensQ add solution for a!=0
- optimizations
- bugfix, code cosmetics and minor changes
- Add documentation
- Add tests
